<?xml version="1.0" encoding="UTF-8"?>
<testng-results ignored="0" total="11" passed="8" failed="2" skipped="1">
  <reporter-output>
  </reporter-output>
  <suite started-at="2024-04-28T15:56:33 ICT" name="Loan Department" finished-at="2024-04-28T15:56:33 ICT" duration-ms="128">
    <groups>
      <group name="Smoke">
        <method signature="day3.Mobilelogincarloan()[pri:0, instance:Test.day3@1ed4ae0f]" name="Mobilelogincarloan" class="Test.day3"/>
      </group> <!-- Smoke -->
    </groups>
    <test started-at="2024-04-28T15:56:33 ICT" name="Personal Loan" finished-at="2024-04-28T15:56:33 ICT" duration-ms="128">
      <class name="Test.day1">
        <test-method signature="Demo()[pri:0, instance:Test.day1@52b1beb6]" started-at="2024-04-28T15:56:33 ICT" name="Demo" finished-at="2024-04-28T15:56:33 ICT" duration-ms="8" status="PASS">
          <reporter-output>
          </reporter-output>
        </test-method> <!-- Demo -->
        <test-method signature="SecondTest()[pri:0, instance:Test.day1@52b1beb6]" started-at="2024-04-28T15:56:33 ICT" name="SecondTest" finished-at="2024-04-28T15:56:33 ICT" duration-ms="2" status="PASS">
          <reporter-output>
          </reporter-output>
        </test-method> <!-- SecondTest -->
      </class> <!-- Test.day1 -->
      <class name="Test.day3">
        <test-method is-config="true" signature="Bfsuite()[pri:0, instance:Test.day3@1ed4ae0f]" started-at="2024-04-28T15:56:33 ICT" name="Bfsuite" finished-at="2024-04-28T15:56:33 ICT" duration-ms="14" status="PASS">
          <reporter-output>
          </reporter-output>
        </test-method> <!-- Bfsuite -->
        <test-method signature="Mobilelogincarloan()[pri:0, instance:Test.day3@1ed4ae0f]" started-at="2024-04-28T15:56:33 ICT" name="Mobilelogincarloan" finished-at="2024-04-28T15:56:33 ICT" duration-ms="3" status="PASS">
          <reporter-output>
          </reporter-output>
        </test-method> <!-- Mobilelogincarloan -->
        <test-method is-config="true" signature="Amethod()[pri:0, instance:Test.day3@1ed4ae0f]" started-at="2024-04-28T15:56:33 ICT" name="Amethod" finished-at="2024-04-28T15:56:33 ICT" duration-ms="1" status="PASS">
          <reporter-output>
          </reporter-output>
        </test-method> <!-- Amethod -->
        <test-method signature="Weblogincarloan(java.lang.String,java.lang.String)[pri:0, instance:Test.day3@1ed4ae0f]" started-at="2024-04-28T15:56:33 ICT" name="Weblogincarloan" finished-at="2024-04-28T15:56:33 ICT" duration-ms="0" status="FAIL">
          <exception class="org.testng.TestNGException">
            <message>
              <![CDATA[
Parameter 'APIKey' is required by @Test on method Weblogincarloan but has not been marked @Optional or defined
in E:\javastudy\TestNGTutorial\testng.xml]]>
            </message>
            <full-stacktrace>
              <![CDATA[org.testng.TestNGException: 
Parameter 'APIKey' is required by @Test on method Weblogincarloan but has not been marked @Optional or defined
in E:\javastudy\TestNGTutorial\testng.xml
at org.testng.internal.Parameters.createParams(Parameters.java:267)
at org.testng.internal.Parameters.createParametersForMethod(Parameters.java:355)
at org.testng.internal.Parameters.createParameters(Parameters.java:693)
at org.testng.internal.Parameters.handleParameters(Parameters.java:888)
at org.testng.internal.Parameters.handleParameters(Parameters.java:737)
at org.testng.internal.invokers.ParameterHandler.handleParameters(ParameterHandler.java:72)
at org.testng.internal.invokers.ParameterHandler.createParameters(ParameterHandler.java:51)
at org.testng.internal.invokers.TestInvoker$MethodInvocationAgent.invoke(TestInvoker.java:915)
at org.testng.internal.invokers.TestInvoker.invokeTestMethods(TestInvoker.java:201)
at org.testng.internal.invokers.TestMethodWorker.invokeTestMethods(TestMethodWorker.java:148)
at org.testng.internal.invokers.TestMethodWorker.run(TestMethodWorker.java:128)
at java.base/java.util.concurrent.Executors$RunnableAdapter.call(Executors.java:539)
at java.base/java.util.concurrent.FutureTask.run(FutureTask.java:264)
at org.testng.internal.thread.graph.TestNGFutureTask.run(TestNGFutureTask.java:22)
at java.base/java.util.concurrent.ThreadPoolExecutor.runWorker(ThreadPoolExecutor.java:1136)
at java.base/java.util.concurrent.ThreadPoolExecutor$Worker.run(ThreadPoolExecutor.java:635)
at java.base/java.lang.Thread.run(Thread.java:833)
]]>
            </full-stacktrace>
          </exception> <!-- org.testng.TestNGException -->
          <reporter-output>
          </reporter-output>
        </test-method> <!-- Weblogincarloan -->
        <test-method signature="addThem(java.lang.String,java.lang.String)[pri:0, instance:Test.day3@1ed4ae0f]" started-at="2024-04-28T15:56:33 ICT" name="addThem" data-provider="getData" finished-at="2024-04-28T15:56:33 ICT" duration-ms="2" status="PASS">
          <params>
            <param index="0">
              <value>
                <![CDATA[firstsetusername]]>
              </value>
            </param>
            <param index="1">
              <value>
                <![CDATA[password]]>
              </value>
            </param>
          </params>
          <reporter-output>
          </reporter-output>
        </test-method> <!-- addThem -->
        <test-method is-config="true" signature="Amethod()[pri:0, instance:Test.day3@1ed4ae0f]" started-at="2024-04-28T15:56:33 ICT" name="Amethod" finished-at="2024-04-28T15:56:33 ICT" duration-ms="1" status="PASS">
          <reporter-output>
          </reporter-output>
        </test-method> <!-- Amethod -->
        <test-method signature="addThem(java.lang.String,java.lang.String)[pri:0, instance:Test.day3@1ed4ae0f]" started-at="2024-04-28T15:56:33 ICT" name="addThem" data-provider="getData" finished-at="2024-04-28T15:56:33 ICT" duration-ms="2" status="PASS">
          <params>
            <param index="0">
              <value>
                <![CDATA[secondsetusername]]>
              </value>
            </param>
            <param index="1">
              <value>
                <![CDATA[secondpassword]]>
              </value>
            </param>
          </params>
          <reporter-output>
          </reporter-output>
        </test-method> <!-- addThem -->
        <test-method is-config="true" signature="Amethod()[pri:0, instance:Test.day3@1ed4ae0f]" started-at="2024-04-28T15:56:33 ICT" name="Amethod" finished-at="2024-04-28T15:56:33 ICT" duration-ms="1" status="PASS">
          <reporter-output>
          </reporter-output>
        </test-method> <!-- Amethod -->
        <test-method signature="addThem(java.lang.String,java.lang.String)[pri:0, instance:Test.day3@1ed4ae0f]" started-at="2024-04-28T15:56:33 ICT" name="addThem" data-provider="getData" finished-at="2024-04-28T15:56:33 ICT" duration-ms="1" status="PASS">
          <params>
            <param index="0">
              <value>
                <![CDATA[thrirdsetusername]]>
              </value>
            </param>
            <param index="1">
              <value>
                <![CDATA[thirdpassword]]>
              </value>
            </param>
          </params>
          <reporter-output>
          </reporter-output>
        </test-method> <!-- addThem -->
        <test-method is-config="true" signature="Amethod()[pri:0, instance:Test.day3@1ed4ae0f]" started-at="2024-04-28T15:56:33 ICT" name="Amethod" finished-at="2024-04-28T15:56:33 ICT" duration-ms="1" status="PASS">
          <reporter-output>
          </reporter-output>
        </test-method> <!-- Amethod -->
        <test-method signature="LoginAPIcarloan()[pri:0, instance:Test.day3@1ed4ae0f]" started-at="2024-04-28T15:56:33 ICT" name="LoginAPIcarloan" finished-at="2024-04-28T15:56:33 ICT" depends-on-methods="Test.day3.Weblogincarloan" duration-ms="0" status="SKIP">
          <exception class="java.lang.Throwable">
            <message>
              <![CDATA[Method Test.day3.LoginAPIcarloan() on instance Test.day3@1ed4ae0f depends on not successfully finished methods 
[Test.day3.Weblogincarloan() on instance Test.day3@1ed4ae0f]]]>
            </message>
            <full-stacktrace>
              <![CDATA[java.lang.Throwable: Method Test.day3.LoginAPIcarloan() on instance Test.day3@1ed4ae0f depends on not successfully finished methods 
[Test.day3.Weblogincarloan() on instance Test.day3@1ed4ae0f]
at org.testng.internal.invokers.TestInvoker.invokeTestMethods(TestInvoker.java:157)
at org.testng.internal.invokers.TestMethodWorker.invokeTestMethods(TestMethodWorker.java:148)
at org.testng.internal.invokers.TestMethodWorker.run(TestMethodWorker.java:128)
at java.base/java.util.concurrent.Executors$RunnableAdapter.call(Executors.java:539)
at java.base/java.util.concurrent.FutureTask.run(FutureTask.java:264)
at org.testng.internal.thread.graph.TestNGFutureTask.run(TestNGFutureTask.java:22)
at java.base/java.util.concurrent.ThreadPoolExecutor.runWorker(ThreadPoolExecutor.java:1136)
at java.base/java.util.concurrent.ThreadPoolExecutor$Worker.run(ThreadPoolExecutor.java:635)
at java.base/java.lang.Thread.run(Thread.java:833)
]]>
            </full-stacktrace>
          </exception> <!-- java.lang.Throwable -->
          <reporter-output>
          </reporter-output>
        </test-method> <!-- LoginAPIcarloan -->
        <test-method is-config="true" signature="afteclas()[pri:0, instance:Test.day3@1ed4ae0f]" started-at="2024-04-28T15:56:33 ICT" name="afteclas" finished-at="2024-04-28T15:56:33 ICT" duration-ms="0" status="PASS">
          <reporter-output>
          </reporter-output>
        </test-method> <!-- afteclas -->
        <test-method is-config="true" signature="Asuite()[pri:0, instance:Test.day3@1ed4ae0f]" started-at="2024-04-28T15:56:33 ICT" name="Asuite" finished-at="2024-04-28T15:56:33 ICT" duration-ms="1" status="PASS">
          <reporter-output>
          </reporter-output>
        </test-method> <!-- Asuite -->
      </class> <!-- Test.day3 -->
      <class name="Test.day2">
        <test-method is-config="true" signature="prerequiste()[pri:0, instance:Test.day2@2a7f1f10]" started-at="2024-04-28T15:56:33 ICT" name="prerequiste" finished-at="2024-04-28T15:56:33 ICT" duration-ms="1" status="PASS">
          <reporter-output>
          </reporter-output>
        </test-method> <!-- prerequiste -->
        <test-method signature="ThirdTest()[pri:0, instance:Test.day2@2a7f1f10]" started-at="2024-04-28T15:56:33 ICT" name="ThirdTest" finished-at="2024-04-28T15:56:33 ICT" duration-ms="20" status="FAIL">
          <exception class="java.lang.AssertionError">
            <message>
              <![CDATA[expected [true] but found [false]]]>
            </message>
            <full-stacktrace>
              <![CDATA[java.lang.AssertionError: expected [true] but found [false]
at org.testng.Assert.fail(Assert.java:111)
at org.testng.Assert.failNotEquals(Assert.java:1578)
at org.testng.Assert.assertTrue(Assert.java:57)
at org.testng.Assert.assertTrue(Assert.java:67)
at Test.day2.ThirdTest(day2.java:14)
at java.base/jdk.internal.reflect.NativeMethodAccessorImpl.invoke0(Native Method)
at java.base/jdk.internal.reflect.NativeMethodAccessorImpl.invoke(NativeMethodAccessorImpl.java:77)
at java.base/jdk.internal.reflect.DelegatingMethodAccessorImpl.invoke(DelegatingMethodAccessorImpl.java:43)
at java.base/java.lang.reflect.Method.invoke(Method.java:568)
at org.testng.internal.invokers.MethodInvocationHelper.invokeMethod(MethodInvocationHelper.java:139)
at org.testng.internal.invokers.TestInvoker.invokeMethod(TestInvoker.java:664)
at org.testng.internal.invokers.TestInvoker.invokeTestMethod(TestInvoker.java:228)
at org.testng.internal.invokers.MethodRunner.runInSequence(MethodRunner.java:63)
at org.testng.internal.invokers.TestInvoker$MethodInvocationAgent.invoke(TestInvoker.java:961)
at org.testng.internal.invokers.TestInvoker.invokeTestMethods(TestInvoker.java:201)
at org.testng.internal.invokers.TestMethodWorker.invokeTestMethods(TestMethodWorker.java:148)
at org.testng.internal.invokers.TestMethodWorker.run(TestMethodWorker.java:128)
at java.base/java.util.concurrent.Executors$RunnableAdapter.call(Executors.java:539)
at java.base/java.util.concurrent.FutureTask.run(FutureTask.java:264)
at org.testng.internal.thread.graph.TestNGFutureTask.run(TestNGFutureTask.java:22)
at java.base/java.util.concurrent.ThreadPoolExecutor.runWorker(ThreadPoolExecutor.java:1136)
at java.base/java.util.concurrent.ThreadPoolExecutor$Worker.run(ThreadPoolExecutor.java:635)
at java.base/java.lang.Thread.run(Thread.java:833)
]]>
            </full-stacktrace>
          </exception> <!-- java.lang.AssertionError -->
          <reporter-output>
          </reporter-output>
        </test-method> <!-- ThirdTest -->
        <test-method is-config="true" signature="after()[pri:0, instance:Test.day2@2a7f1f10]" started-at="2024-04-28T15:56:33 ICT" name="after" finished-at="2024-04-28T15:56:33 ICT" duration-ms="1" status="PASS">
          <reporter-output>
          </reporter-output>
        </test-method> <!-- after -->
      </class> <!-- Test.day2 -->
      <class name="Test.day4">
        <test-method signature="LoginAPIhomeloan()[pri:0, instance:Test.day4@54c5a2ff]" started-at="2024-04-28T15:56:33 ICT" name="LoginAPIhomeloan" finished-at="2024-04-28T15:56:33 ICT" duration-ms="7" status="PASS">
          <reporter-output>
          </reporter-output>
        </test-method> <!-- LoginAPIhomeloan -->
        <test-method signature="Webloginhomeloan()[pri:0, instance:Test.day4@54c5a2ff]" started-at="2024-04-28T15:56:33 ICT" name="Webloginhomeloan" finished-at="2024-04-28T15:56:33 ICT" duration-ms="2" status="PASS">
          <reporter-output>
          </reporter-output>
        </test-method> <!-- Webloginhomeloan -->
      </class> <!-- Test.day4 -->
    </test> <!-- Personal Loan -->
  </suite> <!-- Loan Department -->
</testng-results>
