<?xml version="1.0" encoding="UTF-8"?>
<!-- Generated by org.testng.reporters.JUnitXMLReporter -->
<testsuite ignored="0" hostname="DESKTOP-CHKRU1Q" failures="1" tests="3" name="Surefire test" time="30.78" errors="0" timestamp="2024-07-28T14:55:54 ICT">
  <testcase classname="trangacademy.trangselenium.pageobjects.SubmitOrderTest" name="submitOrder" time="11.704"/>
  <testcase classname="trangacademy.trangselenium.pageobjects.SubmitOrderTest" name="submitOrder" time="8.346">
    <failure type="java.lang.AssertionError" message="expected [true] but found [false]">
      <![CDATA[java.lang.AssertionError: expected [true] but found [false]
at trangacademy.trangselenium.pageobjects.SubmitOrderTest.submitOrder(SubmitOrderTest.java:36)
at java.base/java.util.ArrayList.forEach(ArrayList.java:1511)
... Removed 36 stack frames]]>
    </failure>
  </testcase> <!-- submitOrder -->
  <testcase classname="trangacademy.trangselenium.pageobjects.SubmitOrderTest" name="OrderHistoryTest" time="0.0">
    <skipped/>
  </testcase> <!-- OrderHistoryTest -->
</testsuite> <!-- Surefire test -->
