<?xml version="1.0" encoding="UTF-8"?>
<!-- Generated by org.testng.reporters.JUnitReportReporter -->
<testsuite hostname="DESKTOP-CHKRU1Q" failures="0" tests="6" name="Test.day3" time="0.012" errors="1" timestamp="2024-04-28T15:56:33 ICT" skipped="1">
  <testcase classname="Test.day3" name="Mobilelogincarloan" time="0.004"/>
  <testcase classname="Test.day3" name="Weblogincarloan" time="0.001">
    <error message="
Parameter &#039;APIKey&#039; is required by @Test on method Weblogincarloan but has not been marked @Optional or defined
in E:\javastudy\TestNGTutorial\testng.xml" type="org.testng.TestNGException">
      <![CDATA[org.testng.TestNGException: 
Parameter 'APIKey' is required by @Test on method Weblogincarloan but has not been marked @Optional or defined
in E:\javastudy\TestNGTutorial\testng.xml
at org.testng.internal.Parameters.createParams(Parameters.java:267)
at org.testng.internal.Parameters.createParametersForMethod(Parameters.java:355)
at org.testng.internal.Parameters.createParameters(Parameters.java:693)
at org.testng.internal.Parameters.handleParameters(Parameters.java:888)
at org.testng.internal.Parameters.handleParameters(Parameters.java:737)
at org.testng.internal.invokers.ParameterHandler.handleParameters(ParameterHandler.java:72)
at org.testng.internal.invokers.ParameterHandler.createParameters(ParameterHandler.java:51)
at org.testng.internal.invokers.TestInvoker$MethodInvocationAgent.invoke(TestInvoker.java:915)
at org.testng.internal.invokers.TestInvoker.invokeTestMethods(TestInvoker.java:201)
at org.testng.internal.invokers.TestMethodWorker.invokeTestMethods(TestMethodWorker.java:148)
at org.testng.internal.invokers.TestMethodWorker.run(TestMethodWorker.java:128)
at java.base/java.util.concurrent.Executors$RunnableAdapter.call(Executors.java:539)
at java.base/java.util.concurrent.FutureTask.run(FutureTask.java:264)
at org.testng.internal.thread.graph.TestNGFutureTask.run(TestNGFutureTask.java:22)
at java.base/java.util.concurrent.ThreadPoolExecutor.runWorker(ThreadPoolExecutor.java:1136)
at java.base/java.util.concurrent.ThreadPoolExecutor$Worker.run(ThreadPoolExecutor.java:635)
at java.base/java.lang.Thread.run(Thread.java:833)
]]>
    </error>
  </testcase> <!-- Weblogincarloan -->
  <testcase classname="Test.day3" name="addThem" time="0.002"/>
  <testcase classname="Test.day3" name="LoginAPIcarloan" time="0.001">
    <skipped/>
  </testcase> <!-- LoginAPIcarloan -->
  <testcase classname="Test.day3" name="addThem" time="0.002"/>
  <testcase classname="Test.day3" name="addThem" time="0.002"/>
</testsuite> <!-- Test.day3 -->
